TN:
SF:src/lib/config.ts
FN:1,(empty-report)
FN:100,ConfigService
FN:120,getInstance
FN:143,resetInstance
FN:173,loadConfig
FN:244,getConfig
FN:254,formatValidationError
FN:261,getEnvVarName
FN:273,formatErrorByCode
FN:293,formatInvalidFormatError
FN:303,formatTooSmallError
FN:313,formatInvalidValueError
FN:323,formatInvalidTypeError
FN:333,validateEnvironmentVariables
FN:351,validateEnvironment
FN:358,buildRawConfig
FN:427,parseEnvironment
FN:433,parseLogLevel
FN:439,parseNumber
FN:445,parseCorsOrigins
FN:476,getAppConfig
FN:506,loadAppConfig
FNDA:17,(empty-report)
FNDA:3,ConfigService
FNDA:32,getInstance
FNDA:2,resetInstance
FNDA:27,loadConfig
FNDA:1,getConfig
FNDA:17,formatValidationError
FNDA:17,getEnvVarName
FNDA:17,formatErrorByCode
FNDA:6,formatInvalidFormatError
FNDA:3,formatTooSmallError
FNDA:8,formatInvalidValueError
FNDA:0,formatInvalidTypeError
FNDA:26,validateEnvironmentVariables
FNDA:1,validateEnvironment
FNDA:22,buildRawConfig
FNDA:0,parseEnvironment
FNDA:0,parseLogLevel
FNDA:132,parseNumber
FNDA:22,parseCorsOrigins
FNDA:0,getAppConfig
FNDA:25,loadAppConfig
FNF:22
FNH:18
DA:8,1
DA:9,1
DA:23,1
DA:24,1
DA:25,1
DA:26,1
DA:27,1
DA:28,1
DA:29,1
DA:30,1
DA:31,1
DA:32,1
DA:33,1
DA:34,1
DA:35,1
DA:36,1
DA:37,1
DA:38,1
DA:39,1
DA:40,1
DA:41,1
DA:42,1
DA:43,1
DA:44,1
DA:45,1
DA:46,1
DA:47,1
DA:48,1
DA:49,1
DA:50,1
DA:51,1
DA:52,1
DA:53,1
DA:54,1
DA:55,1
DA:56,1
DA:57,1
DA:58,1
DA:59,1
DA:60,1
DA:61,1
DA:62,1
DA:63,1
DA:64,1
DA:65,1
DA:66,1
DA:67,1
DA:68,1
DA:69,1
DA:70,1
DA:71,1
DA:72,1
DA:73,1
DA:74,1
DA:75,1
DA:96,1
DA:97,1
DA:98,1
DA:100,1
DA:120,1
DA:121,32
DA:122,32
DA:123,32
DA:143,1
DA:144,2
DA:145,2
DA:173,1
DA:174,27
DA:176,27
DA:177,27
DA:178,3
DA:179,3
DA:180,3
DA:181,3
DA:182,3
DA:184,22
DA:185,22
DA:187,27
DA:188,12
DA:189,12
DA:190,12
DA:191,17
DA:192,17
DA:193,17
DA:194,17
DA:195,17
DA:196,17
DA:197,17
DA:198,17
DA:199,17
DA:200,17
DA:201,0
DA:202,12
DA:203,12
DA:204,12
DA:206,10
DA:208,10
DA:209,10
DA:210,10
DA:211,10
DA:212,10
DA:213,27
DA:214,2
DA:215,2
DA:216,2
DA:217,2
DA:218,2
DA:219,27
DA:244,1
DA:245,1
DA:246,1
DA:247,1
DA:248,0
DA:249,1
DA:254,1
DA:255,17
DA:256,17
DA:258,17
DA:259,17
DA:261,1
DA:262,17
DA:263,17
DA:264,17
DA:265,17
DA:266,17
DA:267,17
DA:268,17
DA:270,17
DA:271,17
DA:273,1
DA:274,17
DA:275,17
DA:276,17
DA:277,17
DA:278,17
DA:279,17
DA:280,17
DA:281,6
DA:282,17
DA:283,3
DA:284,17
DA:285,8
DA:286,17
DA:287,0
DA:288,17
DA:289,0
DA:290,17
DA:291,17
DA:293,1
DA:294,6
DA:295,3
DA:296,3
DA:297,3
DA:298,3
DA:299,3
DA:300,0
DA:301,6
DA:303,1
DA:304,3
DA:305,3
DA:306,3
DA:307,0
DA:308,0
DA:309,0
DA:310,0
DA:311,3
DA:313,1
DA:314,8
DA:315,4
DA:316,4
DA:317,4
DA:318,4
DA:319,4
DA:320,0
DA:321,8
DA:323,1
DA:324,0
DA:325,0
DA:326,0
DA:327,0
DA:328,0
DA:333,1
DA:334,26
DA:336,26
DA:337,234
DA:338,78
DA:339,78
DA:340,6
DA:341,6
DA:342,78
DA:343,234
DA:345,26
DA:346,26
DA:351,1
DA:352,1
DA:353,1
DA:358,1
DA:361,22
DA:362,22
DA:363,22
DA:364,22
DA:365,22
DA:368,22
DA:369,22
DA:370,22
DA:371,22
DA:372,22
DA:373,22
DA:374,22
DA:377,22
DA:378,22
DA:380,22
DA:381,22
DA:382,22
DA:383,22
DA:384,22
DA:385,22
DA:386,22
DA:387,22
DA:388,22
DA:389,22
DA:390,22
DA:391,22
DA:392,22
DA:393,22
DA:394,22
DA:395,22
DA:396,22
DA:397,22
DA:398,22
DA:399,22
DA:400,22
DA:401,22
DA:402,22
DA:403,22
DA:404,22
DA:405,22
DA:406,22
DA:407,22
DA:408,22
DA:409,22
DA:410,22
DA:411,22
DA:412,22
DA:413,22
DA:414,22
DA:415,22
DA:416,22
DA:417,22
DA:418,22
DA:419,22
DA:420,22
DA:421,22
DA:422,22
DA:423,22
DA:424,22
DA:425,22
DA:427,1
DA:428,0
DA:429,0
DA:430,0
DA:431,0
DA:433,1
DA:434,0
DA:435,0
DA:436,0
DA:437,0
DA:439,1
DA:440,132
DA:441,132
DA:442,132
DA:443,132
DA:445,1
DA:446,22
DA:447,22
DA:448,22
DA:449,22
DA:450,22
DA:451,22
DA:452,1
DA:476,1
DA:477,0
DA:478,0
DA:506,1
DA:507,25
DA:508,25
LF:286
LH:261
end_of_record
TN:
SF:src/lib/env.ts
FN:1,(empty-report)
FN:128,getEnvironmentConfig
FN:67,getEnvVar
FN:96,getRequiredEnvVar
FNDA:10,(empty-report)
FNDA:51,getEnvironmentConfig
FNDA:713,getEnvVar
FNDA:148,getRequiredEnvVar
FNF:4
FNH:4
DA:67,8
DA:68,713
DA:69,713
DA:70,713
DA:71,713
DA:73,713
DA:74,204
DA:75,204
DA:77,713
DA:78,10
DA:79,10
DA:81,499
DA:82,499
DA:96,8
DA:97,148
DA:98,148
DA:99,0
DA:100,0
DA:101,143
DA:102,143
DA:128,8
DA:129,51
DA:130,51
DA:131,51
DA:132,51
DA:133,51
DA:134,51
DA:135,51
DA:136,51
LF:29
LH:27
end_of_record
TN:
SF:src/lib/http-client.ts
FN:1,(empty-report)
FN:154,HttpClientError
FN:247,RetryStrategy
FN:289,execute
FN:331,calculateDelay
FN:362,sleep
FN:398,defaultRetryCondition
FN:533,HttpClient
FN:551,get
FN:558,post
FN:566,put
FN:574,delete
FN:581,request
FN:619,processResponse
FN:653,buildUrl
FN:666,buildHeaders
FN:684,extractHeaders
FN:694,handleRequestError
FN:791,createHttpClient
FNDA:13,(empty-report)
FNDA:35,HttpClientError
FNDA:39,RetryStrategy
FNDA:35,execute
FNDA:23,calculateDelay
FNDA:23,sleep
FNDA:27,defaultRetryCondition
FNDA:32,HttpClient
FNDA:18,get
FNDA:10,post
FNDA:1,put
FNDA:1,delete
FNDA:30,request
FNDA:28,processResponse
FNDA:30,buildUrl
FNDA:30,buildHeaders
FNDA:28,extractHeaders
FNDA:20,handleRequestError
FNDA:10,createHttpClient
FNF:19
FNH:19
DA:8,5
DA:136,5
DA:154,5
DA:155,35
DA:156,35
DA:157,35
DA:158,35
DA:159,35
DA:160,35
DA:161,35
DA:162,35
DA:163,35
DA:164,35
DA:165,35
DA:166,35
DA:167,35
DA:168,35
DA:171,35
DA:172,35
DA:173,35
DA:174,35
DA:175,5
DA:219,5
DA:247,5
DA:248,39
DA:249,39
DA:250,39
DA:251,39
DA:252,39
DA:253,39
DA:254,39
DA:255,39
DA:289,5
DA:290,35
DA:291,35
DA:292,35
DA:293,35
DA:295,35
DA:296,58
DA:297,58
DA:298,58
DA:299,37
DA:301,37
DA:302,14
DA:303,14
DA:305,23
DA:306,23
DA:307,23
DA:308,58
DA:310,0
DA:311,35
DA:331,5
DA:332,23
DA:333,23
DA:334,23
DA:335,23
DA:337,23
DA:338,5
DA:339,5
DA:342,18
DA:343,18
DA:344,18
DA:345,23
DA:362,5
DA:363,23
DA:364,23
DA:398,5
DA:399,27
DA:401,27
DA:402,27
DA:403,15
DA:404,9
DA:406,27
DA:407,0
DA:408,27
DA:409,5
DA:488,5
DA:533,5
DA:534,32
DA:535,32
DA:536,32
DA:537,32
DA:538,32
DA:539,32
DA:540,32
DA:542,32
DA:543,32
DA:544,32
DA:545,32
DA:546,32
DA:547,32
DA:548,32
DA:549,32
DA:551,5
DA:552,18
DA:553,18
DA:554,18
DA:555,18
DA:556,18
DA:558,5
DA:559,10
DA:560,10
DA:561,10
DA:562,10
DA:563,10
DA:564,10
DA:566,5
DA:567,1
DA:568,1
DA:569,1
DA:570,1
DA:571,1
DA:572,1
DA:574,5
DA:575,1
DA:576,1
DA:577,1
DA:578,1
DA:579,1
DA:581,5
DA:582,30
DA:583,30
DA:584,30
DA:585,30
DA:586,30
DA:587,30
DA:588,30
DA:590,30
DA:591,48
DA:592,48
DA:594,48
DA:595,48
DA:596,48
DA:597,48
DA:598,48
DA:599,48
DA:600,48
DA:602,28
DA:604,28
DA:605,48
DA:606,29
DA:609,29
DA:610,9
DA:611,9
DA:614,20
DA:615,20
DA:616,30
DA:617,30
DA:619,5
DA:620,28
DA:621,28
DA:623,28
DA:625,28
DA:626,28
DA:627,28
DA:628,28
DA:630,1
DA:631,1
DA:633,28
DA:634,28
DA:635,28
DA:636,28
DA:637,28
DA:638,28
DA:639,28
DA:641,28
DA:642,9
DA:643,9
DA:644,9
DA:645,9
DA:646,9
DA:647,9
DA:648,9
DA:650,19
DA:651,28
DA:653,5
DA:654,30
DA:655,9
DA:656,9
DA:658,21
DA:659,1
DA:660,20
DA:661,30
DA:663,30
DA:664,30
DA:666,5
DA:667,30
DA:668,30
DA:669,30
DA:670,30
DA:671,30
DA:672,30
DA:673,30
DA:674,30
DA:675,30
DA:677,30
DA:678,2
DA:679,2
DA:681,30
DA:682,30
DA:684,5
DA:685,28
DA:687,28
DA:688,33
DA:689,28
DA:691,28
DA:692,28
DA:694,5
DA:695,20
DA:697,20
DA:698,6
DA:699,6
DA:700,6
DA:701,6
DA:702,6
DA:703,6
DA:704,6
DA:705,6
DA:706,6
DA:709,20
DA:710,6
DA:711,6
DA:712,6
DA:713,6
DA:714,6
DA:715,6
DA:716,6
DA:717,6
DA:718,6
DA:719,20
DA:722,8
DA:723,20
DA:724,20
DA:725,20
DA:726,20
DA:727,20
DA:728,20
DA:729,20
DA:730,20
DA:731,5
DA:791,5
DA:792,10
DA:793,10
LF:243
LH:241
end_of_record
TN:
SF:src/lib/job-fetch-utils.ts
FN:1,(empty-report)
FN:101,buildCareersPageUrl
FN:160,logAndContinue
FN:191,logStrategyFailure
FN:244,isValidJobArray
FNDA:15,(empty-report)
FNDA:24,buildCareersPageUrl
FNDA:6,logAndContinue
FNDA:8,logStrategyFailure
FNDA:17,isValidJobArray
FNF:5
FNH:5
DA:19,3
DA:37,3
DA:39,3
DA:40,3
DA:74,3
DA:101,3
DA:102,24
DA:103,24
DA:104,3
DA:134,3
DA:160,3
DA:161,6
DA:162,6
DA:163,6
DA:191,3
DA:192,8
DA:193,8
DA:194,8
DA:195,8
DA:196,3
DA:220,3
DA:244,3
DA:245,17
DA:246,17
DA:247,3
LF:25
LH:25
end_of_record
TN:
SF:src/lib/logger.ts
FN:1,(empty-report)
FN:115,ApplicationLogger
FN:140,error
FN:166,warn
FN:192,info
FN:219,debug
FN:246,trace
FN:270,shouldLog
FN:304,log
FN:355,createLogger
FN:380,getLogger
FN:415,setLogger
FNDA:5,(empty-report)
FNDA:111,ApplicationLogger
FNDA:17,error
FNDA:13,warn
FNDA:54,info
FNDA:13,debug
FNDA:10,trace
FNDA:107,shouldLog
FNDA:91,log
FNDA:111,createLogger
FNDA:18,getLogger
FNDA:68,setLogger
FNF:12
FNH:12
DA:99,13
DA:115,13
DA:116,111
DA:117,111
DA:118,111
DA:140,13
DA:141,17
DA:142,17
DA:143,17
DA:144,17
DA:166,13
DA:167,13
DA:168,11
DA:169,11
DA:170,13
DA:192,13
DA:193,54
DA:194,52
DA:195,52
DA:196,54
DA:219,13
DA:220,13
DA:221,7
DA:222,7
DA:223,13
DA:246,13
DA:247,10
DA:248,4
DA:249,4
DA:250,10
DA:270,13
DA:271,107
DA:272,107
DA:273,107
DA:274,107
DA:275,107
DA:276,107
DA:277,107
DA:279,107
DA:280,107
DA:304,13
DA:305,91
DA:307,91
DA:308,5
DA:309,5
DA:310,5
DA:311,5
DA:312,5
DA:313,5
DA:316,5
DA:317,91
DA:318,86
DA:321,86
DA:322,86
DA:323,86
DA:324,86
DA:325,91
DA:326,13
DA:328,13
DA:355,13
DA:356,111
DA:357,111
DA:380,13
DA:381,18
DA:382,18
DA:383,18
DA:415,13
DA:416,68
DA:417,68
LF:69
LH:69
end_of_record
TN:
SF:src/lib/performance-monitor.ts
FN:1,(empty-report)
FN:169,PerformanceMonitor
FN:210,getInstance
FN:234,startTimer
FN:237,end
FN:238,elapsed
FN:307,recordMetric
FN:355,getPerformanceReport
FN:421,exportMetrics
FN:457,clearMetrics
FN:471,getConfig
FN:486,checkPerformanceThresholds
FN:513,pruneMetrics
FN:529,startMemoryTracking
FN:553,formatPrometheusMetrics
FN:599,formatInfluxDBMetrics
FN:639,performanceMonitor
FN:648,descriptor.value
FN:690,createPerformanceMiddleware
FNDA:17,(empty-report)
FNDA:1,PerformanceMonitor
FNDA:68,getInstance
FNDA:118,startTimer
FNDA:107,end
FNDA:1,elapsed
FNDA:126,recordMetric
FNDA:23,getPerformanceReport
FNDA:4,exportMetrics
FNDA:2,clearMetrics
FNDA:0,getConfig
FNDA:106,checkPerformanceThresholds
FNDA:126,pruneMetrics
FNDA:1,startMemoryTracking
FNDA:2,formatPrometheusMetrics
FNDA:2,formatInfluxDBMetrics
FNDA:3,performanceMonitor
FNDA:0,descriptor.value
FNDA:2,createPerformanceMiddleware
FNF:19
FNH:17
DA:41,1
DA:153,1
DA:155,1
DA:156,1
DA:157,1
DA:169,1
DA:170,1
DA:171,1
DA:172,1
DA:173,1
DA:174,1
DA:175,1
DA:176,1
DA:177,1
DA:178,1
DA:179,1
DA:180,1
DA:181,1
DA:183,1
DA:184,1
DA:185,1
DA:186,1
DA:187,1
DA:188,1
DA:189,1
DA:190,1
DA:210,1
DA:211,68
DA:212,68
DA:213,68
DA:234,1
DA:235,118
DA:236,0
DA:237,0
DA:238,0
DA:239,0
DA:240,0
DA:242,118
DA:243,1
DA:244,1
DA:246,117
DA:247,117
DA:249,117
DA:251,117
DA:252,117
DA:253,107
DA:254,107
DA:256,107
DA:257,1
DA:258,1
DA:259,1
DA:261,106
DA:262,106
DA:264,106
DA:265,106
DA:267,106
DA:268,106
DA:269,106
DA:270,106
DA:271,107
DA:272,117
DA:273,1
DA:274,1
DA:276,1
DA:277,0
DA:278,0
DA:280,1
DA:281,1
DA:282,117
DA:283,118
DA:307,1
DA:308,126
DA:309,126
DA:310,126
DA:311,126
DA:312,126
DA:313,126
DA:314,0
DA:315,0
DA:317,126
DA:318,126
DA:319,126
DA:320,126
DA:321,126
DA:322,126
DA:323,126
DA:325,126
DA:326,126
DA:328,126
DA:329,126
DA:330,126
DA:331,126
DA:332,126
DA:333,126
DA:355,1
DA:356,23
DA:357,23
DA:359,23
DA:360,23
DA:361,7
DA:362,7
DA:363,7
DA:364,7
DA:365,7
DA:366,7
DA:367,7
DA:368,16
DA:369,16
DA:370,16
DA:371,16
DA:372,16
DA:373,16
DA:375,23
DA:376,23
DA:377,23
DA:378,0
DA:379,0
DA:380,0
DA:381,0
DA:382,0
DA:383,0
DA:384,0
DA:385,0
DA:386,23
DA:388,23
DA:389,23
DA:390,23
DA:391,23
DA:392,23
DA:393,23
DA:394,23
DA:395,23
DA:396,23
DA:397,23
DA:398,23
DA:399,23
DA:400,23
DA:401,23
DA:421,1
DA:422,4
DA:423,4
DA:424,2
DA:425,4
DA:426,2
DA:427,4
DA:428,4
DA:429,0
DA:430,0
DA:431,0
DA:432,0
DA:433,0
DA:434,0
DA:435,0
DA:436,0
DA:437,0
DA:438,0
DA:439,4
DA:440,4
DA:457,1
DA:458,2
DA:459,2
DA:460,2
DA:471,1
DA:472,0
DA:473,0
DA:486,1
DA:487,106
DA:488,0
DA:489,0
DA:490,0
DA:491,0
DA:492,0
DA:493,0
DA:494,106
DA:495,0
DA:496,0
DA:497,0
DA:498,0
DA:499,0
DA:500,0
DA:501,0
DA:502,106
DA:513,1
DA:514,126
DA:515,0
DA:516,0
DA:517,0
DA:518,0
DA:519,126
DA:529,1
DA:530,1
DA:531,0
DA:532,0
DA:534,1
DA:535,0
DA:536,0
DA:537,0
DA:538,0
DA:539,0
DA:540,1
DA:541,1
DA:553,1
DA:554,2
DA:557,2
DA:558,2
DA:559,3
DA:560,3
DA:561,3
DA:562,3
DA:563,3
DA:564,3
DA:565,3
DA:566,3
DA:567,3
DA:570,2
DA:571,3
DA:572,3
DA:574,3
DA:575,3
DA:576,1
DA:577,1
DA:578,1
DA:579,2
DA:581,3
DA:582,3
DA:583,3
DA:584,3
DA:586,2
DA:587,2
DA:599,1
DA:600,2
DA:601,2
DA:602,2
DA:603,1
DA:604,1
DA:605,1
DA:606,1
DA:608,2
DA:609,2
DA:610,2
DA:612,2
DA:613,2
DA:614,2
DA:615,2
DA:616,1
DA:639,1
DA:640,3
DA:641,1
DA:642,1
DA:643,1
DA:644,1
DA:645,1
DA:646,1
DA:648,1
DA:649,0
DA:650,0
DA:651,0
DA:652,0
DA:653,0
DA:654,0
DA:656,0
DA:657,0
DA:658,0
DA:659,0
DA:660,0
DA:661,0
DA:662,0
DA:663,0
DA:664,0
DA:665,0
DA:666,0
DA:667,0
DA:669,1
DA:670,1
DA:671,3
DA:690,1
DA:691,2
DA:695,2
DA:696,1
DA:697,1
DA:698,1
DA:699,1
DA:700,1
DA:702,1
DA:703,0
DA:704,0
DA:705,0
DA:706,0
DA:707,0
DA:708,0
DA:709,1
DA:711,1
DA:712,1
DA:713,2
LF:294
LH:217
end_of_record
TN:
SF:src/lib/telemetry-init.ts
FN:1,(empty-report)
FN:157,selectTelemetryConfig
FN:188,handleTelemetryError
FN:204,initializeApplicationTelemetry
FN:262,shutdownApplicationTelemetry
FN:294,setupTelemetryShutdownHandlers
FN:295,shutdownHandler
FN:335,shouldEnableTelemetry
FN:375,getTelemetryConfigSummary
FNDA:17,(empty-report)
FNDA:0,selectTelemetryConfig
FNDA:0,handleTelemetryError
FNDA:0,initializeApplicationTelemetry
FNDA:2,shutdownApplicationTelemetry
FNDA:4,setupTelemetryShutdownHandlers
FNDA:0,shutdownHandler
FNDA:10,shouldEnableTelemetry
FNDA:7,getTelemetryConfigSummary
FNF:9
FNH:5
DA:31,1
DA:37,1
DA:38,1
DA:40,1
DA:50,1
DA:51,1
DA:52,1
DA:53,1
DA:54,1
DA:55,1
DA:56,1
DA:57,1
DA:58,1
DA:59,0
DA:60,0
DA:61,0
DA:62,0
DA:63,0
DA:64,1
DA:65,1
DA:66,0
DA:67,0
DA:68,1
DA:69,0
DA:70,0
DA:71,1
DA:72,1
DA:73,1
DA:74,1
DA:75,1
DA:76,1
DA:77,1
DA:78,1
DA:79,1
DA:80,1
DA:81,1
DA:82,1
DA:92,1
DA:93,1
DA:94,1
DA:95,1
DA:96,1
DA:97,1
DA:98,1
DA:99,1
DA:100,1
DA:101,1
DA:102,1
DA:103,1
DA:113,1
DA:114,1
DA:115,1
DA:116,1
DA:117,1
DA:118,1
DA:119,1
DA:120,1
DA:121,1
DA:122,1
DA:123,1
DA:157,0
DA:158,0
DA:159,0
DA:160,0
DA:161,0
DA:163,0
DA:164,0
DA:166,0
DA:167,0
DA:168,0
DA:169,0
DA:170,0
DA:171,0
DA:172,0
DA:173,0
DA:174,0
DA:175,0
DA:176,0
DA:177,0
DA:178,0
DA:188,0
DA:189,0
DA:192,0
DA:193,0
DA:194,0
DA:195,0
DA:196,0
DA:197,0
DA:199,0
DA:200,0
DA:201,0
DA:202,0
DA:204,0
DA:205,0
DA:206,0
DA:208,0
DA:209,0
DA:210,0
DA:211,0
DA:214,0
DA:215,0
DA:217,0
DA:218,0
DA:219,0
DA:220,0
DA:221,0
DA:222,0
DA:223,0
DA:225,0
DA:227,0
DA:228,0
DA:229,0
DA:230,0
DA:231,0
DA:232,0
DA:233,0
DA:234,0
DA:235,0
DA:262,2
DA:263,2
DA:264,2
DA:265,2
DA:266,2
DA:268,0
DA:269,0
DA:270,0
DA:271,0
DA:272,0
DA:273,0
DA:274,0
DA:275,0
DA:277,0
DA:278,2
DA:294,1
DA:295,4
DA:296,0
DA:297,0
DA:298,0
DA:301,4
DA:302,4
DA:305,4
DA:306,0
DA:307,0
DA:308,0
DA:309,4
DA:311,4
DA:312,0
DA:313,0
DA:314,0
DA:315,4
DA:317,4
DA:318,4
DA:335,1
DA:337,10
DA:338,0
DA:339,0
DA:342,10
DA:343,10
DA:344,0
DA:345,0
DA:348,10
DA:349,0
DA:350,0
DA:353,10
DA:354,10
DA:355,10
DA:357,0
DA:358,0
DA:375,1
DA:381,7
DA:382,7
DA:383,7
DA:385,7
DA:386,7
DA:387,7
DA:388,0
DA:389,0
DA:390,7
DA:391,7
DA:392,7
DA:393,7
DA:394,0
DA:395,0
DA:396,7
DA:398,7
DA:399,7
DA:400,7
DA:401,7
DA:402,7
DA:403,7
DA:404,7
DA:405,7
LF:192
LH:95
end_of_record
TN:
SF:src/lib/telemetry.ts
FN:1,(empty-report)
FN:155,initializeTelemetry
FN:233,initializeBusinessMetrics
FN:296,getTracer
FN:319,getBusinessMetrics
FN:348,withSpan
FN:402,recordHttpMetrics
FN:446,recordJobMetrics
FN:493,recordWebhookMetrics
FN:535,shutdownTelemetry
FN:574,isTelemetryInitialized
FNDA:13,(empty-report)
FNDA:0,initializeTelemetry
FNDA:0,initializeBusinessMetrics
FNDA:2,getTracer
FNDA:5,getBusinessMetrics
FNDA:0,withSpan
FNDA:1,recordHttpMetrics
FNDA:1,recordJobMetrics
FNDA:1,recordWebhookMetrics
FNDA:1,shutdownTelemetry
FNDA:74,isTelemetryInitialized
FNF:11
FNH:8
DA:40,5
DA:41,5
DA:42,5
DA:43,5
DA:44,5
DA:55,5
DA:61,5
DA:121,5
DA:122,5
DA:123,5
DA:124,5
DA:126,5
DA:155,0
DA:156,0
DA:157,0
DA:158,0
DA:159,0
DA:161,0
DA:162,0
DA:165,0
DA:166,0
DA:167,0
DA:168,0
DA:169,0
DA:170,0
DA:173,0
DA:174,0
DA:175,0
DA:176,0
DA:177,0
DA:178,0
DA:179,0
DA:180,0
DA:181,0
DA:182,0
DA:185,0
DA:187,0
DA:188,0
DA:189,0
DA:190,0
DA:191,0
DA:192,0
DA:195,0
DA:196,0
DA:197,0
DA:200,0
DA:203,0
DA:206,0
DA:208,0
DA:209,0
DA:210,0
DA:211,0
DA:212,0
DA:213,0
DA:214,0
DA:215,0
DA:216,0
DA:217,0
DA:218,0
DA:219,0
DA:220,0
DA:221,0
DA:233,0
DA:234,0
DA:236,0
DA:237,0
DA:238,0
DA:239,0
DA:240,0
DA:242,0
DA:243,0
DA:244,0
DA:245,0
DA:247,0
DA:248,0
DA:249,0
DA:250,0
DA:252,0
DA:253,0
DA:254,0
DA:255,0
DA:257,0
DA:258,0
DA:259,0
DA:260,0
DA:262,0
DA:263,0
DA:264,0
DA:265,0
DA:267,0
DA:268,0
DA:269,0
DA:270,0
DA:271,0
DA:273,0
DA:274,0
DA:275,0
DA:276,0
DA:296,5
DA:297,2
DA:298,2
DA:299,2
DA:300,0
DA:301,0
DA:319,5
DA:320,5
DA:321,5
DA:322,5
DA:323,0
DA:324,0
DA:348,0
DA:349,0
DA:350,0
DA:351,0
DA:352,0
DA:353,0
DA:354,0
DA:356,0
DA:357,0
DA:358,0
DA:359,0
DA:360,0
DA:361,0
DA:363,0
DA:364,0
DA:365,0
DA:366,0
DA:367,0
DA:370,0
DA:371,0
DA:372,0
DA:373,0
DA:375,0
DA:376,0
DA:377,0
DA:378,0
DA:379,0
DA:380,0
DA:402,5
DA:403,1
DA:404,1
DA:405,1
DA:406,1
DA:407,1
DA:408,1
DA:409,1
DA:411,1
DA:412,1
DA:413,1
DA:414,1
DA:415,1
DA:416,1
DA:419,1
DA:422,1
DA:423,1
DA:446,5
DA:447,1
DA:448,1
DA:449,1
DA:450,1
DA:451,1
DA:452,1
DA:453,1
DA:455,1
DA:456,1
DA:457,1
DA:458,1
DA:459,1
DA:460,1
DA:463,1
DA:464,0
DA:465,0
DA:466,0
DA:467,0
DA:470,0
DA:471,0
DA:493,5
DA:494,1
DA:495,1
DA:496,1
DA:497,1
DA:498,1
DA:499,1
DA:500,1
DA:502,1
DA:503,1
DA:504,1
DA:505,1
DA:506,1
DA:507,1
DA:510,1
DA:511,0
DA:512,0
DA:513,0
DA:514,0
DA:515,1
DA:535,1
DA:536,1
DA:537,1
DA:538,1
DA:539,1
DA:541,0
DA:542,0
DA:543,0
DA:546,0
DA:547,0
DA:548,0
DA:549,0
DA:551,0
DA:552,0
DA:553,0
DA:554,0
DA:555,0
DA:556,1
DA:574,5
DA:575,74
DA:576,74
LF:217
LH:77
end_of_record
TN:
SF:src/lib/utils.ts
FN:1,(empty-report)
FN:109,generateShortId
FN:147,generateHmacSignature
FN:179,validateHmacSignature
FN:206,timingSafeEqual
FN:247,getCurrentIsoTimestamp
FN:268,isValidDate
FN:293,toIsoString
FN:342,resolveUrl
FN:387,extractDomain
FN:39,normalizeForId
FN:417,isFromDomain
FN:66,generateIdFromTitle
FN:88,generateRequestId
FNDA:10,(empty-report)
FNDA:52,generateShortId
FNDA:42,generateHmacSignature
FNDA:17,validateHmacSignature
FNDA:229,timingSafeEqual
FNDA:5,getCurrentIsoTimestamp
FNDA:23,isValidDate
FNDA:5,toIsoString
FNDA:12,resolveUrl
FNDA:21,extractDomain
FNDA:22,normalizeForId
FNDA:11,isFromDomain
FNDA:5,generateIdFromTitle
FNDA:79,generateRequestId
FNF:14
FNH:14
DA:8,8
DA:20,8
DA:39,8
DA:40,22
DA:41,22
DA:42,22
DA:43,22
DA:44,22
DA:45,22
DA:46,22
DA:66,8
DA:67,5
DA:68,5
DA:69,5
DA:88,8
DA:89,79
DA:90,79
DA:109,8
DA:110,52
DA:111,52
DA:112,8
DA:125,8
DA:147,8
DA:148,42
DA:149,42
DA:150,42
DA:179,8
DA:180,17
DA:181,17
DA:182,17
DA:206,8
DA:207,229
DA:208,7
DA:209,7
DA:211,222
DA:212,229
DA:213,7510
DA:214,7510
DA:216,222
DA:217,229
DA:218,8
DA:230,8
DA:247,8
DA:248,5
DA:249,5
DA:268,8
DA:269,23
DA:270,23
DA:271,23
DA:293,8
DA:294,5
DA:295,4
DA:296,4
DA:297,4
DA:298,1
DA:299,5
DA:300,8
DA:312,8
DA:342,8
DA:343,12
DA:344,1
DA:345,1
DA:348,12
DA:349,2
DA:350,2
DA:353,12
DA:354,1
DA:355,1
DA:358,12
DA:359,3
DA:360,3
DA:361,3
DA:364,5
DA:365,12
DA:387,8
DA:388,21
DA:389,21
DA:390,21
DA:391,21
DA:392,4
DA:393,4
DA:394,21
DA:417,8
DA:418,11
DA:419,11
DA:420,11
DA:421,8
LF:87
LH:87
end_of_record
TN:
SF:src/scripts/scrape-and-sync.ts
FN:1,(empty-report)
FN:107,WordPressWebhookClient
FN:120,sendJobs
FN:180,generateSignature
FN:191,loadConfiguration
FN:251,createOutputDirectories
FN:266,saveJobsArtifact
FN:289,saveLogArtifact
FN:320,executeScrapeAndSync
FN:442,main
FNDA:17,(empty-report)
FNDA:8,WordPressWebhookClient
FNDA:8,sendJobs
FNDA:8,generateSignature
FNDA:14,loadConfiguration
FNDA:11,createOutputDirectories
FNDA:9,saveJobsArtifact
FNDA:14,saveLogArtifact
FNDA:14,executeScrapeAndSync
FNDA:0,main
FNF:10
FNH:9
DA:27,1
DA:28,1
DA:29,1
DA:30,1
DA:31,1
DA:32,1
DA:33,1
DA:37,1
DA:38,1
DA:106,1
DA:107,1
DA:108,8
DA:109,8
DA:110,8
DA:120,1
DA:121,8
DA:122,8
DA:124,8
DA:125,8
DA:126,8
DA:127,8
DA:128,8
DA:129,8
DA:131,8
DA:132,8
DA:134,8
DA:136,8
DA:137,8
DA:138,8
DA:139,8
DA:140,8
DA:141,8
DA:142,8
DA:143,8
DA:144,8
DA:145,8
DA:147,8
DA:148,1
DA:149,1
DA:150,1
DA:152,6
DA:154,6
DA:155,6
DA:156,8
DA:157,8
DA:158,8
DA:159,8
DA:160,2
DA:161,2
DA:162,2
DA:163,2
DA:164,2
DA:165,2
DA:166,2
DA:167,2
DA:168,2
DA:169,2
DA:170,8
DA:180,1
DA:181,8
DA:182,8
DA:183,1
DA:191,14
DA:192,14
DA:193,14
DA:195,14
DA:198,14
DA:199,1
DA:200,1
DA:202,14
DA:203,1
DA:204,1
DA:206,14
DA:207,1
DA:208,1
DA:210,11
DA:211,11
DA:212,11
DA:213,11
DA:214,11
DA:215,11
DA:216,11
DA:217,11
DA:218,11
DA:219,11
DA:220,11
DA:221,11
DA:222,11
DA:223,11
DA:224,11
DA:225,11
DA:226,11
DA:227,11
DA:228,11
DA:229,11
DA:230,11
DA:231,11
DA:232,11
DA:233,11
DA:234,11
DA:235,11
DA:236,11
DA:237,11
DA:238,11
DA:239,14
DA:240,14
DA:241,14
DA:242,14
DA:243,14
DA:251,11
DA:252,11
DA:253,11
DA:254,22
DA:255,22
DA:256,11
DA:266,9
DA:267,9
DA:268,9
DA:270,9
DA:271,9
DA:272,9
DA:273,9
DA:274,9
DA:275,9
DA:277,9
DA:278,8
DA:279,8
DA:289,14
DA:290,14
DA:291,14
DA:292,14
DA:293,14
DA:294,14
DA:296,14
DA:297,14
DA:298,14
DA:299,14
DA:300,14
DA:301,14
DA:302,14
DA:303,14
DA:304,14
DA:305,14
DA:307,14
DA:308,14
DA:309,14
DA:320,14
DA:321,14
DA:322,14
DA:323,14
DA:325,14
DA:327,14
DA:329,14
DA:330,11
DA:332,11
DA:333,11
DA:336,11
DA:339,11
DA:340,11
DA:341,10
DA:343,14
DA:344,1
DA:345,1
DA:347,9
DA:350,9
DA:353,8
DA:354,8
DA:356,14
DA:357,8
DA:358,8
DA:359,8
DA:360,8
DA:361,8
DA:363,8
DA:364,8
DA:366,8
DA:367,2
DA:368,2
DA:370,6
DA:371,6
DA:372,6
DA:373,14
DA:374,0
DA:375,0
DA:376,0
DA:377,0
DA:378,0
DA:379,0
DA:380,0
DA:383,6
DA:385,5
DA:386,5
DA:387,5
DA:388,5
DA:389,5
DA:390,5
DA:391,5
DA:392,5
DA:393,5
DA:394,5
DA:395,5
DA:396,5
DA:397,5
DA:400,5
DA:401,5
DA:403,5
DA:404,5
DA:405,14
DA:406,9
DA:407,9
DA:409,9
DA:411,9
DA:412,9
DA:413,9
DA:414,9
DA:415,9
DA:416,9
DA:417,9
DA:418,9
DA:419,9
DA:420,9
DA:423,9
DA:424,9
DA:425,9
DA:426,9
DA:427,0
DA:428,0
DA:429,0
DA:430,0
DA:431,0
DA:433,9
DA:434,9
DA:435,14
DA:442,0
DA:443,0
DA:445,0
DA:446,0
DA:448,0
DA:449,0
DA:450,0
DA:451,0
DA:452,0
DA:455,0
DA:456,0
DA:457,0
DA:458,0
DA:459,0
DA:460,0
DA:461,0
DA:464,0
DA:465,0
DA:466,0
DA:467,0
DA:468,0
DA:469,0
DA:470,0
DA:473,0
DA:474,0
DA:475,0
DA:476,0
DA:479,1
DA:480,0
DA:481,0
LF:263
LH:222
end_of_record
TN:
SF:src/services/html-parser.ts
FN:1,(empty-report)
FN:197,HtmlParserService
FN:228,parseJobsFromHtml
FN:270,extractJobFromElement
FN:310,extractId
FN:339,extractText
FN:356,extractDescription
FN:368,extractDate
FN:391,extractApplyUrl
FN:412,generateDefaultApplyUrl
FN:428,extractCompanyIdFromUrl
FN:461,createHtmlParser
FNDA:17,(empty-report)
FNDA:26,HtmlParserService
FNDA:25,parseJobsFromHtml
FNDA:31,extractJobFromElement
FNDA:50,extractId
FNDA:191,extractText
FNDA:31,extractDescription
FNDA:31,extractDate
FNDA:31,extractApplyUrl
FNDA:19,generateDefaultApplyUrl
FNDA:18,extractCompanyIdFromUrl
FNDA:26,createHtmlParser
FNF:12
FNH:12
DA:23,1
DA:24,1
DA:25,1
DA:98,1
DA:99,1
DA:100,1
DA:101,1
DA:102,1
DA:103,1
DA:104,1
DA:105,1
DA:106,1
DA:107,1
DA:108,1
DA:109,1
DA:110,1
DA:111,1
DA:112,1
DA:113,1
DA:114,1
DA:115,1
DA:116,1
DA:117,1
DA:118,1
DA:119,1
DA:120,1
DA:121,1
DA:122,1
DA:123,1
DA:124,1
DA:125,1
DA:126,1
DA:127,1
DA:128,1
DA:129,1
DA:130,1
DA:131,1
DA:132,1
DA:133,1
DA:134,1
DA:135,1
DA:136,1
DA:137,1
DA:138,1
DA:139,1
DA:140,1
DA:141,1
DA:142,1
DA:143,1
DA:144,1
DA:145,1
DA:146,1
DA:147,1
DA:148,1
DA:149,1
DA:150,1
DA:151,1
DA:152,1
DA:153,1
DA:154,1
DA:155,1
DA:156,1
DA:157,1
DA:158,1
DA:159,1
DA:160,1
DA:161,1
DA:162,1
DA:163,1
DA:164,1
DA:165,1
DA:166,1
DA:167,1
DA:168,1
DA:169,1
DA:190,1
DA:197,1
DA:228,1
DA:229,25
DA:230,25
DA:233,25
DA:234,69
DA:236,69
DA:237,21
DA:238,31
DA:239,31
DA:240,30
DA:241,30
DA:242,21
DA:245,21
DA:246,20
DA:247,20
DA:248,21
DA:249,69
DA:251,25
DA:252,25
DA:270,1
DA:271,31
DA:272,31
DA:273,31
DA:274,31
DA:275,31
DA:277,31
DA:278,31
DA:279,31
DA:280,31
DA:281,31
DA:282,31
DA:283,31
DA:284,31
DA:285,31
DA:286,31
DA:287,31
DA:289,31
DA:290,31
DA:291,0
DA:292,0
DA:293,0
DA:294,0
DA:295,31
DA:310,1
DA:312,50
DA:314,50
DA:315,158
DA:316,158
DA:317,14
DA:318,14
DA:319,158
DA:322,36
DA:323,36
DA:324,50
DA:339,1
DA:340,191
DA:341,191
DA:342,191
DA:343,191
DA:344,191
DA:345,653
DA:346,653
DA:347,124
DA:348,124
DA:349,124
DA:350,124
DA:351,124
DA:352,653
DA:353,67
DA:354,191
DA:356,1
DA:357,31
DA:360,31
DA:361,31
DA:362,0
DA:363,0
DA:365,31
DA:366,31
DA:368,1
DA:369,31
DA:370,140
DA:372,140
DA:374,10
DA:375,10
DA:376,0
DA:377,0
DA:380,10
DA:381,10
DA:382,10
DA:383,10
DA:384,10
DA:385,140
DA:388,21
DA:389,31
DA:391,1
DA:392,31
DA:393,31
DA:394,31
DA:395,31
DA:396,31
DA:397,107
DA:399,107
DA:400,12
DA:401,12
DA:402,12
DA:403,12
DA:404,12
DA:405,107
DA:408,19
DA:409,19
DA:410,31
DA:412,1
DA:413,19
DA:414,19
DA:415,19
DA:417,19
DA:418,1
DA:419,1
DA:422,17
DA:423,19
DA:424,1
DA:425,1
DA:426,19
DA:428,1
DA:429,18
DA:430,18
DA:431,18
DA:432,1
DA:461,1
DA:462,26
DA:463,26
DA:464,26
LF:209
LH:201
end_of_record
TN:
SF:src/services/job-fetcher.ts
FN:1,(empty-report)
FN:115,setSpanAttributes
FN:189,FetchOperationTemplate
FN:204,execute
FN:281,handleSuccess
FN:318,handleStrategyError
FN:341,handleAllStrategiesFailed
FN:415,DriveHrFetchOperation
FN:431,prepareContext
FN:452,attemptStrategy
FN:507,normalizeJobs
FN:529,normalizeJob
FN:564,extractJobTitle
FN:580,extractJobId
FN:584,extractJobDepartment
FN:589,extractJobLocation
FN:594,extractJobType
FN:599,extractJobDescription
FN:614,extractJobPostedDate
FN:619,extractJobApplyUrl
FN:632,generateJobId
FN:745,HtmlJobFetchStrategy
FN:756,canHandle
FN:787,fetchJobs
FN:861,JobFetchService
FN:913,operation.type
FN:96,recordMetrics
FNDA:17,(empty-report)
FNDA:23,setSpanAttributes
FNDA:16,FetchOperationTemplate
FNDA:11,execute
FNDA:8,handleSuccess
FNDA:2,handleStrategyError
FNDA:3,handleAllStrategiesFailed
FNDA:16,DriveHrFetchOperation
FNDA:11,prepareContext
FNDA:10,attemptStrategy
FNDA:8,normalizeJobs
FNDA:19,normalizeJob
FNDA:19,extractJobTitle
FNDA:17,extractJobId
FNDA:17,extractJobDepartment
FNDA:17,extractJobLocation
FNDA:17,extractJobType
FNDA:17,extractJobDescription
FNDA:17,extractJobPostedDate
FNDA:17,extractJobApplyUrl
FNDA:5,generateJobId
FNDA:22,HtmlJobFetchStrategy
FNDA:13,canHandle
FNDA:24,fetchJobs
FNDA:16,JobFetchService
FNDA:0,operation.type
FNDA:11,recordMetrics
FNF:27
FNH:26
DA:21,1
DA:22,1
DA:23,1
DA:24,1
DA:25,1
DA:85,1
DA:96,1
DA:97,11
DA:98,11
DA:99,11
DA:100,11
DA:101,11
DA:102,11
DA:103,11
DA:104,0
DA:105,0
DA:106,11
DA:115,1
DA:116,23
DA:117,23
DA:118,0
DA:119,0
DA:120,0
DA:121,0
DA:122,23
DA:123,0
DA:124,0
DA:125,23
DA:126,1
DA:138,1
DA:149,1
DA:150,0
DA:151,0
DA:152,0
DA:153,0
DA:154,0
DA:155,0
DA:157,0
DA:166,1
DA:168,0
DA:169,1
DA:182,1
DA:189,1
DA:204,1
DA:205,11
DA:206,11
DA:207,11
DA:208,11
DA:209,11
DA:210,11
DA:212,11
DA:213,11
DA:214,1
DA:215,1
DA:217,10
DA:218,10
DA:219,8
DA:220,8
DA:221,8
DA:222,11
DA:223,2
DA:224,2
DA:225,11
DA:227,3
DA:228,11
DA:281,1
DA:282,8
DA:283,8
DA:284,8
DA:285,8
DA:286,8
DA:287,8
DA:290,8
DA:291,8
DA:292,8
DA:293,8
DA:294,8
DA:295,8
DA:298,8
DA:299,8
DA:300,8
DA:301,8
DA:302,8
DA:304,8
DA:305,8
DA:318,1
DA:319,2
DA:322,2
DA:323,2
DA:324,2
DA:325,2
DA:326,2
DA:327,2
DA:341,1
DA:342,3
DA:343,3
DA:344,3
DA:345,3
DA:346,3
DA:349,3
DA:350,3
DA:351,3
DA:352,3
DA:353,3
DA:354,3
DA:357,3
DA:358,3
DA:359,3
DA:360,3
DA:361,3
DA:363,3
DA:364,3
DA:365,3
DA:366,3
DA:367,3
DA:368,3
DA:369,3
DA:370,3
DA:371,3
DA:372,1
DA:406,1
DA:415,1
DA:416,16
DA:417,16
DA:418,16
DA:419,16
DA:420,16
DA:421,16
DA:431,1
DA:432,11
DA:433,11
DA:434,11
DA:435,11
DA:436,11
DA:437,11
DA:438,11
DA:439,11
DA:452,1
DA:453,10
DA:454,10
DA:455,10
DA:456,10
DA:457,10
DA:458,10
DA:459,10
DA:460,10
DA:463,10
DA:464,10
DA:465,10
DA:466,10
DA:468,10
DA:469,8
DA:471,8
DA:473,8
DA:474,8
DA:475,8
DA:476,8
DA:477,8
DA:478,8
DA:479,8
DA:480,8
DA:481,10
DA:482,1
DA:493,1
DA:507,1
DA:508,8
DA:510,8
DA:511,8
DA:512,8
DA:513,8
DA:529,1
DA:530,19
DA:531,19
DA:532,19
DA:533,19
DA:534,19
DA:535,19
DA:536,2
DA:537,2
DA:539,17
DA:540,17
DA:541,17
DA:542,17
DA:543,17
DA:544,17
DA:545,17
DA:546,17
DA:547,17
DA:548,17
DA:549,17
DA:550,17
DA:551,17
DA:552,19
DA:564,1
DA:565,19
DA:566,19
DA:567,19
DA:580,1
DA:581,17
DA:582,17
DA:584,1
DA:585,17
DA:586,17
DA:587,17
DA:589,1
DA:590,17
DA:591,17
DA:592,17
DA:594,1
DA:595,17
DA:596,17
DA:597,17
DA:599,1
DA:600,17
DA:601,17
DA:602,17
DA:614,1
DA:615,17
DA:616,17
DA:617,17
DA:619,1
DA:620,17
DA:621,17
DA:632,1
DA:633,5
DA:634,5
DA:635,1
DA:736,1
DA:737,1
DA:745,1
DA:756,1
DA:757,13
DA:758,13
DA:787,1
DA:788,13
DA:789,13
DA:790,13
DA:791,13
DA:793,13
DA:794,1
DA:795,1
DA:798,10
DA:799,10
DA:802,10
DA:803,10
DA:804,10
DA:805,10
DA:806,10
DA:807,10
DA:808,10
DA:810,13
DA:811,0
DA:812,0
DA:814,9
DA:815,13
DA:816,1
DA:850,1
DA:861,1
DA:862,16
DA:863,16
DA:864,16
DA:865,16
DA:868,16
DA:869,16
DA:870,16
DA:871,16
DA:905,1
DA:906,11
DA:907,11
DA:908,11
DA:910,11
DA:911,0
DA:912,0
DA:913,0
DA:914,0
DA:915,0
DA:916,0
DA:917,0
DA:918,0
DA:920,0
DA:921,0
DA:922,0
DA:923,0
DA:924,0
DA:925,0
DA:928,11
DA:929,11
DA:930,1
LF:288
LH:256
end_of_record
TN:
SF:src/services/playwright-scraper.ts
FN:1,(empty-report)
FN:138,PlaywrightScraper
FN:182,scrapeJobs
FN:256,jobs
FN:282,initializeBrowser
FN:320,setupPage
FN:356,waitForJobListings
FN:406,extractJobData
FN:444,extractFromStructuredElements
FN:565,extractFromJsonLd
FN:652,extractFromTextPatterns
FN:704,takeDebugScreenshot
FN:722,normalizeJobs
FN:740,normalizeJobData
FN:764,normalizeJobId
FN:772,normalizeJobDepartment
FN:780,normalizeJobType
FN:788,normalizeJobPostedDate
FN:798,normalizeJobApplyUrl
FN:809,closeBrowser
FN:833,dispose
FNDA:16,(empty-report)
FNDA:68,PlaywrightScraper
FNDA:65,scrapeJobs
FNDA:17,jobs
FNDA:80,initializeBrowser
FNDA:71,setupPage
FNDA:67,waitForJobListings
FNDA:67,extractJobData
FNDA:67,extractFromStructuredElements
FNDA:12,extractFromJsonLd
FNDA:9,extractFromTextPatterns
FNDA:7,takeDebugScreenshot
FNDA:57,normalizeJobs
FNDA:118,normalizeJobData
FNDA:118,normalizeJobId
FNDA:118,normalizeJobDepartment
FNDA:118,normalizeJobType
FNDA:118,normalizeJobPostedDate
FNDA:118,normalizeJobApplyUrl
FNDA:87,closeBrowser
FNDA:3,dispose
FNF:21
FNH:21
DA:19,2
DA:20,2
DA:21,2
DA:22,2
DA:127,2
DA:129,2
DA:130,2
DA:138,2
DA:139,68
DA:140,68
DA:141,68
DA:142,68
DA:143,68
DA:144,68
DA:145,68
DA:146,68
DA:147,66
DA:148,66
DA:149,66
DA:150,66
DA:151,66
DA:152,66
DA:153,66
DA:154,68
DA:155,68
DA:182,2
DA:183,65
DA:184,65
DA:185,65
DA:186,65
DA:187,65
DA:188,65
DA:190,65
DA:192,65
DA:193,81
DA:194,81
DA:196,81
DA:197,1
DA:198,1
DA:199,74
DA:200,71
DA:202,71
DA:203,71
DA:204,71
DA:205,71
DA:206,71
DA:209,67
DA:212,67
DA:215,63
DA:216,81
DA:217,7
DA:218,4
DA:220,60
DA:221,57
DA:224,57
DA:226,54
DA:228,54
DA:229,54
DA:230,54
DA:231,54
DA:232,54
DA:233,54
DA:234,54
DA:235,54
DA:236,81
DA:237,27
DA:238,27
DA:239,27
DA:241,27
DA:243,27
DA:244,10
DA:245,10
DA:246,10
DA:247,10
DA:248,10
DA:249,10
DA:250,10
DA:251,10
DA:252,10
DA:253,10
DA:256,17
DA:257,17
DA:258,81
DA:261,17
DA:262,17
DA:263,17
DA:264,17
DA:265,17
DA:266,17
DA:267,17
DA:268,17
DA:269,65
DA:282,2
DA:283,80
DA:284,0
DA:285,0
DA:287,80
DA:288,80
DA:290,80
DA:291,80
DA:292,80
DA:293,80
DA:295,77
DA:296,77
DA:297,77
DA:299,77
DA:300,77
DA:301,77
DA:302,77
DA:303,77
DA:304,77
DA:305,77
DA:306,77
DA:307,80
DA:320,2
DA:322,71
DA:323,71
DA:326,71
DA:327,77
DA:328,77
DA:329,4
DA:330,77
DA:331,73
DA:332,73
DA:333,71
DA:336,71
DA:337,7
DA:338,1
DA:339,1
DA:340,7
DA:341,7
DA:342,71
DA:356,2
DA:357,67
DA:358,67
DA:360,67
DA:362,67
DA:363,67
DA:364,67
DA:365,67
DA:366,65
DA:367,67
DA:369,2
DA:370,2
DA:373,2
DA:374,2
DA:377,67
DA:378,67
DA:379,67
DA:380,67
DA:381,67
DA:382,67
DA:384,67
DA:385,265
DA:386,265
DA:387,1
DA:388,1
DA:389,1
DA:390,265
DA:391,67
DA:406,2
DA:407,67
DA:408,67
DA:411,67
DA:412,67
DA:413,51
DA:414,51
DA:415,51
DA:418,12
DA:419,67
DA:420,3
DA:421,3
DA:422,3
DA:425,9
DA:426,67
DA:427,3
DA:428,3
DA:429,3
DA:431,6
DA:432,6
DA:433,67
DA:444,2
DA:445,67
DA:461,0
DA:464,0
DA:465,0
DA:466,0
DA:467,0
DA:468,0
DA:469,0
DA:470,0
DA:471,0
DA:472,0
DA:474,0
DA:475,0
DA:476,0
DA:478,0
DA:479,0
DA:480,0
DA:481,0
DA:482,0
DA:483,0
DA:485,0
DA:486,0
DA:489,0
DA:490,0
DA:492,0
DA:493,0
DA:494,0
DA:495,0
DA:496,0
DA:497,0
DA:498,0
DA:499,0
DA:500,0
DA:501,0
DA:502,0
DA:503,0
DA:504,0
DA:505,0
DA:506,0
DA:507,0
DA:508,0
DA:509,0
DA:510,0
DA:511,0
DA:512,0
DA:513,0
DA:514,0
DA:515,0
DA:516,0
DA:517,0
DA:518,0
DA:520,0
DA:521,0
DA:522,0
DA:524,0
DA:525,0
DA:528,0
DA:529,0
DA:530,0
DA:531,0
DA:532,0
DA:533,0
DA:534,0
DA:535,0
DA:536,0
DA:539,0
DA:540,0
DA:541,0
DA:542,0
DA:543,0
DA:544,0
DA:545,0
DA:548,0
DA:549,0
DA:550,0
DA:552,0
DA:554,67
DA:555,67
DA:565,2
DA:566,12
DA:582,0
DA:583,0
DA:585,0
DA:586,0
DA:587,0
DA:590,0
DA:591,0
DA:592,0
DA:593,0
DA:594,0
DA:595,0
DA:596,0
DA:597,0
DA:598,0
DA:599,0
DA:600,0
DA:601,0
DA:602,0
DA:605,0
DA:606,0
DA:607,0
DA:608,0
DA:609,0
DA:610,0
DA:611,0
DA:612,0
DA:615,0
DA:616,0
DA:617,0
DA:618,0
DA:621,0
DA:622,0
DA:623,0
DA:626,0
DA:627,0
DA:628,0
DA:629,0
DA:630,0
DA:631,0
DA:632,0
DA:633,0
DA:635,0
DA:636,0
DA:638,0
DA:640,12
DA:641,12
DA:652,2
DA:653,9
DA:669,0
DA:670,0
DA:673,0
DA:674,0
DA:675,0
DA:677,0
DA:678,0
DA:679,0
DA:680,0
DA:681,0
DA:682,0
DA:683,0
DA:684,0
DA:685,0
DA:686,0
DA:687,0
DA:688,0
DA:690,0
DA:692,9
DA:693,9
DA:704,2
DA:705,7
DA:706,7
DA:707,7
DA:709,7
DA:710,4
DA:711,7
DA:722,2
DA:723,57
DA:725,57
DA:726,57
DA:727,57
DA:728,57
DA:740,2
DA:741,118
DA:742,118
DA:743,118
DA:744,118
DA:745,118
DA:746,118
DA:747,118
DA:748,118
DA:749,118
DA:750,118
DA:751,118
DA:752,118
DA:753,118
DA:754,118
DA:755,118
DA:756,118
DA:757,118
DA:758,118
DA:764,2
DA:765,118
DA:766,118
DA:772,2
DA:773,118
DA:774,118
DA:780,2
DA:781,118
DA:782,118
DA:788,2
DA:789,118
DA:790,69
DA:791,49
DA:792,118
DA:798,2
DA:799,118
DA:800,118
DA:809,2
DA:810,87
DA:811,87
DA:812,74
DA:813,73
DA:814,73
DA:815,87
DA:816,77
DA:817,76
DA:818,76
DA:819,87
DA:820,2
DA:821,2
DA:822,2
DA:823,2
DA:824,2
DA:825,87
DA:833,2
DA:834,3
DA:835,3
DA:836,2
LF:400
LH:261
end_of_record
TN:
SF:src/services/wordpress-client.ts
FN:1,(empty-report)
FN:111,setSpanAttributes
FN:185,SyncOperationTemplate
FN:199,execute
FN:266,handleSuccess
FN:321,handleError
FN:365,extractStatusCode
FN:418,WordPressWebhookSyncOperation
FN:435,prepareContext
FN:453,performOperation
FN:585,WordPressWebhookClient
FN:632,syncJobs
FN:640,service.name
FN:680,healthCheck
FN:716,validateConfig
FN:777,WordPressClientError
FN:820,createWordPressClient
FN:857,validateWebhookSignature
FN:92,recordMetrics
FNDA:16,(empty-report)
FNDA:38,setSpanAttributes
FNDA:21,SyncOperationTemplate
FNDA:19,execute
FNDA:12,handleSuccess
FNDA:7,handleError
FNDA:7,extractStatusCode
FNDA:21,WordPressWebhookSyncOperation
FNDA:19,prepareContext
FNDA:19,performOperation
FNDA:31,WordPressWebhookClient
FNDA:19,syncJobs
FNDA:1,service.name
FNDA:8,healthCheck
FNDA:31,validateConfig
FNDA:25,WordPressClientError
FNDA:31,createWordPressClient
FNDA:3,validateWebhookSignature
FNDA:19,recordMetrics
FNF:19
FNH:19
DA:22,2
DA:23,2
DA:24,2
DA:25,2
DA:81,2
DA:92,2
DA:93,19
DA:94,19
DA:95,19
DA:96,19
DA:97,19
DA:98,19
DA:99,19
DA:100,1
DA:101,1
DA:102,19
DA:111,2
DA:112,38
DA:113,38
DA:114,2
DA:115,2
DA:116,2
DA:117,2
DA:118,38
DA:119,2
DA:120,2
DA:121,38
DA:122,2
DA:134,2
DA:145,2
DA:146,0
DA:147,0
DA:148,0
DA:149,0
DA:150,0
DA:151,0
DA:153,0
DA:162,2
DA:164,0
DA:165,2
DA:178,2
DA:185,2
DA:199,2
DA:200,19
DA:201,19
DA:202,19
DA:203,19
DA:204,19
DA:205,19
DA:208,19
DA:209,19
DA:210,19
DA:211,19
DA:212,19
DA:214,19
DA:215,19
DA:216,12
DA:217,19
DA:218,7
DA:219,7
DA:220,19
DA:266,2
DA:267,12
DA:268,12
DA:269,12
DA:270,12
DA:271,12
DA:272,12
DA:275,12
DA:276,12
DA:277,12
DA:278,12
DA:279,12
DA:280,12
DA:281,12
DA:282,12
DA:283,12
DA:284,12
DA:285,12
DA:286,12
DA:289,12
DA:290,12
DA:291,12
DA:292,12
DA:293,12
DA:294,12
DA:296,12
DA:297,12
DA:298,12
DA:299,12
DA:300,12
DA:301,12
DA:302,12
DA:303,12
DA:304,12
DA:305,12
DA:321,2
DA:322,7
DA:323,7
DA:324,7
DA:325,7
DA:326,7
DA:327,7
DA:328,7
DA:331,7
DA:332,7
DA:333,7
DA:334,7
DA:335,7
DA:336,7
DA:337,7
DA:340,7
DA:341,7
DA:342,7
DA:343,7
DA:344,7
DA:345,7
DA:347,7
DA:348,7
DA:349,7
DA:350,7
DA:351,7
DA:352,7
DA:353,7
DA:365,2
DA:366,7
DA:367,7
DA:368,7
DA:369,7
DA:370,7
DA:371,7
DA:372,3
DA:373,7
DA:374,2
DA:408,2
DA:418,2
DA:419,21
DA:420,21
DA:421,21
DA:422,21
DA:423,21
DA:424,21
DA:425,21
DA:435,2
DA:436,19
DA:437,19
DA:438,19
DA:439,19
DA:440,19
DA:441,19
DA:443,19
DA:444,19
DA:453,2
DA:454,19
DA:455,19
DA:456,19
DA:457,19
DA:458,19
DA:459,19
DA:460,19
DA:462,19
DA:463,19
DA:465,19
DA:466,19
DA:467,19
DA:468,19
DA:469,19
DA:470,19
DA:471,19
DA:472,19
DA:473,19
DA:474,19
DA:476,19
DA:477,4
DA:478,4
DA:479,4
DA:480,4
DA:481,4
DA:482,4
DA:484,12
DA:485,12
DA:486,12
DA:487,12
DA:488,12
DA:489,12
DA:491,12
DA:492,19
DA:493,2
DA:573,2
DA:585,2
DA:586,31
DA:587,31
DA:588,31
DA:589,31
DA:590,31
DA:593,31
DA:594,31
DA:595,31
DA:596,31
DA:597,31
DA:598,31
DA:599,31
DA:600,31
DA:632,2
DA:633,19
DA:634,19
DA:635,19
DA:637,19
DA:638,1
DA:639,1
DA:640,1
DA:641,1
DA:642,1
DA:643,1
DA:644,1
DA:645,1
DA:646,1
DA:648,1
DA:649,1
DA:650,1
DA:651,1
DA:652,1
DA:653,1
DA:656,18
DA:657,19
DA:680,2
DA:681,8
DA:682,8
DA:683,8
DA:684,8
DA:685,8
DA:686,8
DA:688,8
DA:689,8
DA:690,8
DA:691,8
DA:692,8
DA:693,8
DA:694,8
DA:695,8
DA:696,8
DA:698,8
DA:699,8
DA:700,1
DA:701,1
DA:702,1
DA:703,1
DA:704,8
DA:716,2
DA:717,31
DA:718,4
DA:719,4
DA:721,31
DA:722,2
DA:723,2
DA:725,31
DA:726,2
DA:727,2
DA:729,23
DA:730,23
DA:731,31
DA:732,2
DA:733,2
DA:734,31
DA:735,2
DA:760,2
DA:777,2
DA:778,25
DA:779,25
DA:780,25
DA:781,25
DA:782,25
DA:784,25
DA:785,25
DA:786,25
DA:787,25
DA:788,2
DA:820,2
DA:821,31
DA:822,31
DA:823,31
DA:824,31
DA:825,31
DA:826,31
DA:857,2
DA:858,3
DA:859,3
DA:860,3
DA:861,3
DA:862,3
DA:863,3
LF:291
LH:283
end_of_record
